Android/unityLibrary/build/intermediates/manifest_merge_blame_file/debug/manifest-merger-blame-debug-report.txt
1<?xml version="1.0" encoding="utf-8"?>
2<!-- GENERATED BY UNITY. REMOVE THIS COMMENT TO PREVENT OVERWRITING WHEN EXPORTING AGAIN -->
3<manifest xmlns:android="http://schemas.android.com/apk/res/android"
4    xmlns:tools="http://schemas.android.com/tools"
5    package="com.unity3d.player" >
6
7    <uses-sdk
8        android:minSdkVersion="26"
8-->src/main/AndroidManifest.xml
9        android:targetSdkVersion="30" />
9-->src/main/AndroidManifest.xml
10
11    <uses-feature android:glEsVersion="0x00030000" />
11-->src/main/AndroidManifest.xml:19:3-52
11-->src/main/AndroidManifest.xml:19:17-49
12    <uses-feature
12-->src/main/AndroidManifest.xml:20:3-91
13        android:name="android.hardware.vulkan.version"
13-->src/main/AndroidManifest.xml:20:17-63
14        android:required="false" />
14-->src/main/AndroidManifest.xml:20:64-88
15    <uses-feature
15-->src/main/AndroidManifest.xml:21:3-88
16        android:name="android.hardware.touchscreen"
16-->src/main/AndroidManifest.xml:21:17-60
17        android:required="false" />
17-->src/main/AndroidManifest.xml:21:61-85
18    <uses-feature
18-->src/main/AndroidManifest.xml:22:3-99
19        android:name="android.hardware.touchscreen.multitouch"
19-->src/main/AndroidManifest.xml:22:17-71
20        android:required="false" />
20-->src/main/AndroidManifest.xml:22:72-96
21    <uses-feature
21-->src/main/AndroidManifest.xml:23:3-108
22        android:name="android.hardware.touchscreen.multitouch.distinct"
22-->src/main/AndroidManifest.xml:23:17-80
23        android:required="false" />
23-->src/main/AndroidManifest.xml:23:81-105
24
25    <application>
25-->src/main/AndroidManifest.xml:4:3-18:17
26        <activity
26-->src/main/AndroidManifest.xml:5:5-12:16
27            android:name="com.unity3d.player.UnityPlayerActivity"
27-->src/main/AndroidManifest.xml:5:15-50
28            android:configChanges="mcc|mnc|locale|touchscreen|keyboard|keyboardHidden|navigation|orientation|screenLayout|uiMode|screenSize|smallestScreenSize|fontScale|layoutDirection|density"
28-->src/main/AndroidManifest.xml:5:164-345
29            android:hardwareAccelerated="false"
29-->src/main/AndroidManifest.xml:5:381-416
30            android:launchMode="singleTask"
30-->src/main/AndroidManifest.xml:5:132-163
31            android:resizeableActivity="false"
31-->src/main/AndroidManifest.xml:5:346-380
32            android:screenOrientation="fullSensor"
32-->src/main/AndroidManifest.xml:5:93-131
33            android:theme="@style/UnityThemeSelector" >
33-->src/main/AndroidManifest.xml:5:51-92
34            <intent-filter>
34-->src/main/AndroidManifest.xml:6:7-9:23
35                <action android:name="android.intent.action.MAIN" />
35-->src/main/AndroidManifest.xml:7:9-61
35-->src/main/AndroidManifest.xml:7:17-58
36
37                <category android:name="android.intent.category.LAUNCHER" />
37-->src/main/AndroidManifest.xml:8:9-69
37-->src/main/AndroidManifest.xml:8:19-66
38            </intent-filter>
39
40            <meta-data
40-->src/main/AndroidManifest.xml:10:7-82
41                android:name="unityplayer.UnityActivity"
41-->src/main/AndroidManifest.xml:10:18-58
42                android:value="true" />
42-->src/main/AndroidManifest.xml:10:59-79
43            <meta-data
43-->src/main/AndroidManifest.xml:11:7-78
44                android:name="android.notch_support"
44-->src/main/AndroidManifest.xml:11:18-54
45                android:value="true" />
45-->src/main/AndroidManifest.xml:11:55-75
46        </activity>
47
48        <meta-data
48-->src/main/AndroidManifest.xml:13:5-69
49            android:name="unity.splash-mode"
49-->src/main/AndroidManifest.xml:13:16-48
50            android:value="0" />
50-->src/main/AndroidManifest.xml:13:49-66
51        <meta-data
51-->src/main/AndroidManifest.xml:14:5-74
52            android:name="unity.splash-enable"
52-->src/main/AndroidManifest.xml:14:16-50
53            android:value="True" />
53-->src/main/AndroidManifest.xml:14:51-71
54        <meta-data
54-->src/main/AndroidManifest.xml:15:5-84
55            android:name="unity.allow-resizable-window"
55-->src/main/AndroidManifest.xml:15:16-59
56            android:value="False" />
56-->src/main/AndroidManifest.xml:15:60-81
57        <meta-data
57-->src/main/AndroidManifest.xml:16:5-81
58            android:name="notch.config"
58-->src/main/AndroidManifest.xml:16:16-43
59            android:value="portrait|landscape" />
59-->src/main/AndroidManifest.xml:16:44-78
60        <meta-data
60-->src/main/AndroidManifest.xml:17:5-101
61            android:name="unity.build-id"
61-->src/main/AndroidManifest.xml:17:16-45
62            android:value="acff22e2-d8dc-4e3a-9d08-c73bd34cff6e" />
62-->src/main/AndroidManifest.xml:17:46-98
63    </application>
64
65</manifest>